-------------------------------------------------------------------------------
Test set: com.curso.it.HelloIT
-------------------------------------------------------------------------------
Tests run: 1, Failures: 1, Errors: 0, Skipped: 0, Time elapsed: 0.112 s <<< FAILURE! - in com.curso.it.HelloIT
com.curso.it.HelloIT.hello  Time elapsed: 0.069 s  <<< FAILURE!
java.lang.AssertionError: expected:<200> but was:<404>
	at com.curso.it.HelloIT.hello(HelloIT.java:30)

